[1,     1]  training loss: 2823.779
[1,   201]  training loss: 103.141
[1,   401]  training loss: 89.986
[1,   601]  training loss: 79.519
[1,   801]  training loss: 81.422
[1,  1001]  training loss: 78.548
[1,  1201]  training loss: 75.952
[1,  1401]  training loss: 67.897
[1,  1601]  training loss: 69.612
[1,  1801]  training loss: 67.109
[1,  2001]  training loss: 67.155
[1,  2201]  training loss: 69.149
[1,  2401]  training loss: 62.770
[1,  2601]  training loss: 68.103
[1,  2801]  training loss: 67.294
[1,  3001]  training loss: 63.288
[1,  3201]  training loss: 60.992
[1,     1]  validation loss: 55.910
[1,   201]  validation loss: 60.920
[1,   401]  validation loss: 58.513
[1,   601]  validation loss: 62.980
[1,   801]  validation loss: 61.127
[2,     1]  training loss: 67.329
[2,   201]  training loss: 62.443
[2,   401]  training loss: 63.972
[2,   601]  training loss: 60.966
[2,   801]  training loss: 62.948
[2,  1001]  training loss: 63.414
[2,  1201]  training loss: 65.086
[2,  1401]  training loss: 61.068
[2,  1601]  training loss: 63.260
[2,  1801]  training loss: 63.931
[2,  2001]  training loss: 56.919
[2,  2201]  training loss: 59.004
[2,  2401]  training loss: 61.097
[2,  2601]  training loss: 61.893
[2,  2801]  training loss: 59.869
[2,  3001]  training loss: 57.645
[2,  3201]  training loss: 63.672
[2,     1]  validation loss: 53.367
[2,   201]  validation loss: 56.272
[2,   401]  validation loss: 53.778
[2,   601]  validation loss: 52.630
[2,   801]  validation loss: 53.733
[3,     1]  training loss: 63.425
[3,   201]  training loss: 58.684
[3,   401]  training loss: 57.432
[3,   601]  training loss: 57.870
[3,   801]  training loss: 55.651
[3,  1001]  training loss: 59.336
[3,  1201]  training loss: 56.799
[3,  1401]  training loss: 61.034
[3,  1601]  training loss: 54.078
[3,  1801]  training loss: 58.704
[3,  2001]  training loss: 55.944
[3,  2201]  training loss: 56.809
[3,  2401]  training loss: 58.155
[3,  2601]  training loss: 59.397
[3,  2801]  training loss: 55.375
[3,  3001]  training loss: 57.122
[3,  3201]  training loss: 58.075
[3,     1]  validation loss: 52.579
[3,   201]  validation loss: 46.864
[3,   401]  validation loss: 54.726
[3,   601]  validation loss: 47.928
[3,   801]  validation loss: 51.912
[4,     1]  training loss: 52.864
[4,   201]  training loss: 58.922
[4,   401]  training loss: 58.266
[4,   601]  training loss: 55.514
[4,   801]  training loss: 50.813
[4,  1001]  training loss: 56.516
[4,  1201]  training loss: 57.557
[4,  1401]  training loss: 59.593
[4,  1601]  training loss: 52.734
[4,  1801]  training loss: 60.783
[4,  2001]  training loss: 52.527
[4,  2201]  training loss: 54.082
[4,  2401]  training loss: 58.796
[4,  2601]  training loss: 57.796
[4,  2801]  training loss: 57.010
[4,  3001]  training loss: 52.321
[4,  3201]  training loss: 54.513
[4,     1]  validation loss: 52.988
[4,   201]  validation loss: 49.622
[4,   401]  validation loss: 52.197
[4,   601]  validation loss: 51.254
[4,   801]  validation loss: 53.745
[5,     1]  training loss: 54.442
[5,   201]  training loss: 61.455
[5,   401]  training loss: 59.623
[5,   601]  training loss: 56.274
[5,   801]  training loss: 56.510
[5,  1001]  training loss: 60.602
[5,  1201]  training loss: 58.446
[5,  1401]  training loss: 55.052
[5,  1601]  training loss: 55.567
[5,  1801]  training loss: 54.688
[5,  2001]  training loss: 54.009
[5,  2201]  training loss: 53.263
[5,  2401]  training loss: 56.026
[5,  2601]  training loss: 51.910
[5,  2801]  training loss: 55.183
[5,  3001]  training loss: 55.153
[5,  3201]  training loss: 53.988
[5,     1]  validation loss: 49.807
[5,   201]  validation loss: 51.128
[5,   401]  validation loss: 48.239
[5,   601]  validation loss: 48.181
[5,   801]  validation loss: 46.213
[6,     1]  training loss: 51.685
[6,   201]  training loss: 58.694
[6,   401]  training loss: 54.262
[6,   601]  training loss: 54.810
[6,   801]  training loss: 54.543
[6,  1001]  training loss: 60.286
[6,  1201]  training loss: 56.503
[6,  1401]  training loss: 53.054
[6,  1601]  training loss: 54.023
[6,  1801]  training loss: 52.734
[6,  2001]  training loss: 51.937
[6,  2201]  training loss: 51.872
[6,  2401]  training loss: 58.926
[6,  2601]  training loss: 52.236
[6,  2801]  training loss: 52.568
[6,  3001]  training loss: 54.102
[6,  3201]  training loss: 50.262
[6,     1]  validation loss: 48.523
[6,   201]  validation loss: 51.137
[6,   401]  validation loss: 50.793
[6,   601]  validation loss: 46.300
[6,   801]  validation loss: 49.338
[7,     1]  training loss: 53.799
[7,   201]  training loss: 58.134
[7,   401]  training loss: 58.067
[7,   601]  training loss: 52.959
[7,   801]  training loss: 51.797
[7,  1001]  training loss: 49.205
[7,  1201]  training loss: 53.394
[7,  1401]  training loss: 51.684
[7,  1601]  training loss: 52.450
[7,  1801]  training loss: 50.967
[7,  2001]  training loss: 55.014
[7,  2201]  training loss: 55.513
[7,  2401]  training loss: 51.415
[7,  2601]  training loss: 55.223
[7,  2801]  training loss: 54.396
[7,  3001]  training loss: 57.530
[7,  3201]  training loss: 56.707
[7,     1]  validation loss: 50.353
[7,   201]  validation loss: 46.648
[7,   401]  validation loss: 48.262
[7,   601]  validation loss: 48.347
[7,   801]  validation loss: 47.820
[8,     1]  training loss: 55.777
[8,   201]  training loss: 49.654
[8,   401]  training loss: 52.849
[8,   601]  training loss: 52.841
[8,   801]  training loss: 56.806
[8,  1001]  training loss: 57.186
[8,  1201]  training loss: 49.754
[8,  1401]  training loss: 56.165
[8,  1601]  training loss: 54.045
[8,  1801]  training loss: 57.079
[8,  2001]  training loss: 58.103
[8,  2201]  training loss: 61.446
[8,  2401]  training loss: 48.536
[8,  2601]  training loss: 52.175
[8,  2801]  training loss: 48.891
[8,  3001]  training loss: 55.037
[8,  3201]  training loss: 59.075
[8,     1]  validation loss: 50.287
[8,   201]  validation loss: 54.351
[8,   401]  validation loss: 52.019
[8,   601]  validation loss: 51.434
[8,   801]  validation loss: 53.750
[9,     1]  training loss: 54.910
[9,   201]  training loss: 53.644
[9,   401]  training loss: 53.220
[9,   601]  training loss: 54.721
[9,   801]  training loss: 49.239
[9,  1001]  training loss: 55.241
[9,  1201]  training loss: 56.796
[9,  1401]  training loss: 52.248
[9,  1601]  training loss: 59.407
[9,  1801]  training loss: 53.782
[9,  2001]  training loss: 50.929
[9,  2201]  training loss: 53.418
[9,  2401]  training loss: 54.519
[9,  2601]  training loss: 51.417
[9,  2801]  training loss: 53.649
[9,  3001]  training loss: 52.300
[9,  3201]  training loss: 54.648
[9,     1]  validation loss: 52.404
[9,   201]  validation loss: 48.570
[9,   401]  validation loss: 53.829
[9,   601]  validation loss: 48.764
[9,   801]  validation loss: 47.517
[10,     1]  training loss: 54.235
[10,   201]  training loss: 50.518
[10,   401]  training loss: 57.663
[10,   601]  training loss: 53.392
[10,   801]  training loss: 50.493
[10,  1001]  training loss: 52.980
[10,  1201]  training loss: 57.422
[10,  1401]  training loss: 52.239
[10,  1601]  training loss: 50.867
[10,  1801]  training loss: 54.274
[10,  2001]  training loss: 54.937
[10,  2201]  training loss: 52.203
[10,  2401]  training loss: 52.926
[10,  2601]  training loss: 48.421
[10,  2801]  training loss: 53.640
[10,  3001]  training loss: 53.738
[10,  3201]  training loss: 53.159
[10,     1]  validation loss: 49.319
[10,   201]  validation loss: 45.499
[10,   401]  validation loss: 45.873
[10,   601]  validation loss: 43.869
[10,   801]  validation loss: 44.929
[11,     1]  training loss: 51.957
[11,   201]  training loss: 54.027
[11,   401]  training loss: 53.132
[11,   601]  training loss: 48.128
[11,   801]  training loss: 50.553
[11,  1001]  training loss: 50.519
[11,  1201]  training loss: 55.726
[11,  1401]  training loss: 49.309
[11,  1601]  training loss: 50.300
[11,  1801]  training loss: 50.638
[11,  2001]  training loss: 52.915
[11,  2201]  training loss: 49.455
[11,  2401]  training loss: 55.913
[11,  2601]  training loss: 50.371
[11,  2801]  training loss: 51.352
[11,  3001]  training loss: 48.672
[11,  3201]  training loss: 53.092
[11,     1]  validation loss: 46.466
[11,   201]  validation loss: 47.520
[11,   401]  validation loss: 42.660
[11,   601]  validation loss: 48.452
[11,   801]  validation loss: 48.380
[12,     1]  training loss: 49.826
[12,   201]  training loss: 53.010
[12,   401]  training loss: 51.194
[12,   601]  training loss: 50.450
[12,   801]  training loss: 52.741
[12,  1001]  training loss: 59.651
[12,  1201]  training loss: 49.686
[12,  1401]  training loss: 56.160
[12,  1601]  training loss: 53.499
[12,  1801]  training loss: 48.072
[12,  2001]  training loss: 52.283
[12,  2201]  training loss: 50.630
[12,  2401]  training loss: 53.060
[12,  2601]  training loss: 52.623
[12,  2801]  training loss: 55.674
[12,  3001]  training loss: 52.606
[12,  3201]  training loss: 53.823
[12,     1]  validation loss: 44.909
[12,   201]  validation loss: 49.351
[12,   401]  validation loss: 43.935
[12,   601]  validation loss: 44.089
[12,   801]  validation loss: 44.737
[13,     1]  training loss: 55.378
[13,   201]  training loss: 52.089
[13,   401]  training loss: 51.367
[13,   601]  training loss: 57.109
[13,   801]  training loss: 49.597
[13,  1001]  training loss: 58.773
[13,  1201]  training loss: 52.208
[13,  1401]  training loss: 53.277
[13,  1601]  training loss: 53.593
[13,  1801]  training loss: 50.352
[13,  2001]  training loss: 49.439
[13,  2201]  training loss: 53.860
[13,  2401]  training loss: 51.739
[13,  2601]  training loss: 52.123
[13,  2801]  training loss: 49.626
[13,  3001]  training loss: 49.969
[13,  3201]  training loss: 50.711
[13,     1]  validation loss: 47.320
[13,   201]  validation loss: 48.139
[13,   401]  validation loss: 49.555
[13,   601]  validation loss: 46.409
[13,   801]  validation loss: 48.120
[14,     1]  training loss: 51.286
[14,   201]  training loss: 56.251
[14,   401]  training loss: 53.349
[14,   601]  training loss: 51.928
[14,   801]  training loss: 52.687
[14,  1001]  training loss: 52.208
[14,  1201]  training loss: 52.194
[14,  1401]  training loss: 48.467
[14,  1601]  training loss: 52.689
[14,  1801]  training loss: 54.111
[14,  2001]  training loss: 51.489
[14,  2201]  training loss: 50.322
[14,  2401]  training loss: 50.728
[14,  2601]  training loss: 54.706
[14,  2801]  training loss: 54.842
[14,  3001]  training loss: 47.885
[14,  3201]  training loss: 54.954
[14,     1]  validation loss: 50.254
[14,   201]  validation loss: 44.369
[14,   401]  validation loss: 45.213
[14,   601]  validation loss: 42.716
[14,   801]  validation loss: 47.616
[15,     1]  training loss: 51.916
[15,   201]  training loss: 50.813
[15,   401]  training loss: 53.017
[15,   601]  training loss: 51.064
[15,   801]  training loss: 47.704
[15,  1001]  training loss: 53.921
[15,  1201]  training loss: 54.815
[15,  1401]  training loss: 55.963
[15,  1601]  training loss: 51.250
[15,  1801]  training loss: 51.234
[15,  2001]  training loss: 51.258
[15,  2201]  training loss: 52.844
[15,  2401]  training loss: 51.775
[15,  2601]  training loss: 49.434
[15,  2801]  training loss: 50.660
[15,  3001]  training loss: 52.249
[15,  3201]  training loss: 51.974
[15,     1]  validation loss: 50.644
[15,   201]  validation loss: 48.582
[15,   401]  validation loss: 48.919
[15,   601]  validation loss: 51.153
[15,   801]  validation loss: 49.866
[16,     1]  training loss: 50.851
[16,   201]  training loss: 53.840
[16,   401]  training loss: 51.338
[16,   601]  training loss: 49.525
[16,   801]  training loss: 49.584
[16,  1001]  training loss: 51.994
[16,  1201]  training loss: 46.542
[16,  1401]  training loss: 50.653
[16,  1601]  training loss: 49.281
[16,  1801]  training loss: 50.358
[16,  2001]  training loss: 48.330
[16,  2201]  training loss: 52.162
[16,  2401]  training loss: 48.289
[16,  2601]  training loss: 51.053
[16,  2801]  training loss: 50.095
[16,  3001]  training loss: 49.348
[16,  3201]  training loss: 47.325
[16,     1]  validation loss: 40.570
[16,   201]  validation loss: 42.925
[16,   401]  validation loss: 43.643
[16,   601]  validation loss: 40.785
[16,   801]  validation loss: 45.577
[17,     1]  training loss: 53.835
[17,   201]  training loss: 51.031
[17,   401]  training loss: 49.598
[17,   601]  training loss: 51.166
[17,   801]  training loss: 52.321
[17,  1001]  training loss: 46.283
[17,  1201]  training loss: 48.586
[17,  1401]  training loss: 48.717
[17,  1601]  training loss: 49.704
[17,  1801]  training loss: 51.367
[17,  2001]  training loss: 48.224
[17,  2201]  training loss: 52.363
[17,  2401]  training loss: 51.095
[17,  2601]  training loss: 55.499
[17,  2801]  training loss: 47.361
[17,  3001]  training loss: 53.765
[17,  3201]  training loss: 50.551
[17,     1]  validation loss: 42.747
[17,   201]  validation loss: 39.310
[17,   401]  validation loss: 49.929
[17,   601]  validation loss: 44.585
[17,   801]  validation loss: 47.117
[18,     1]  training loss: 50.448
[18,   201]  training loss: 48.887
[18,   401]  training loss: 48.394
[18,   601]  training loss: 46.429
[18,   801]  training loss: 49.815
[18,  1001]  training loss: 47.942
[18,  1201]  training loss: 46.446
[18,  1401]  training loss: 52.534
[18,  1601]  training loss: 52.749
[18,  1801]  training loss: 47.024
[18,  2001]  training loss: 49.004
[18,  2201]  training loss: 50.769
[18,  2401]  training loss: 47.656
[18,  2601]  training loss: 51.868
[18,  2801]  training loss: 50.884
[18,  3001]  training loss: 50.244
[18,  3201]  training loss: 51.283
[18,     1]  validation loss: 43.694
[18,   201]  validation loss: 44.908
[18,   401]  validation loss: 44.932
[18,   601]  validation loss: 44.109
[18,   801]  validation loss: 46.697
[19,     1]  training loss: 48.794
[19,   201]  training loss: 49.468
[19,   401]  training loss: 51.561
[19,   601]  training loss: 49.571
[19,   801]  training loss: 51.459
[19,  1001]  training loss: 48.164
[19,  1201]  training loss: 51.559
[19,  1401]  training loss: 45.954
[19,  1601]  training loss: 50.780
[19,  1801]  training loss: 51.160
[19,  2001]  training loss: 50.332
[19,  2201]  training loss: 51.612
[19,  2401]  training loss: 47.490
[19,  2601]  training loss: 55.955
[19,  2801]  training loss: 48.619
[19,  3001]  training loss: 52.145
[19,  3201]  training loss: 50.947
[19,     1]  validation loss: 44.744
[19,   201]  validation loss: 42.390
[19,   401]  validation loss: 40.042
[19,   601]  validation loss: 44.289
[19,   801]  validation loss: 44.595
[20,     1]  training loss: 50.619
[20,   201]  training loss: 50.925
[20,   401]  training loss: 49.424
[20,   601]  training loss: 50.137
[20,   801]  training loss: 47.506
[20,  1001]  training loss: 49.394
[20,  1201]  training loss: 51.319
[20,  1401]  training loss: 50.810
[20,  1601]  training loss: 49.486
[20,  1801]  training loss: 50.754
[20,  2001]  training loss: 48.681
[20,  2201]  training loss: 51.377
[20,  2401]  training loss: 49.182
[20,  2601]  training loss: 51.387
[20,  2801]  training loss: 47.942
[20,  3001]  training loss: 55.615
[20,  3201]  training loss: 48.508
[20,     1]  validation loss: 46.592
[20,   201]  validation loss: 43.411
[20,   401]  validation loss: 44.185
[20,   601]  validation loss: 45.600
[20,   801]  validation loss: 43.593
[21,     1]  training loss: 45.088
[21,   201]  training loss: 49.837
[21,   401]  training loss: 47.797
[21,   601]  training loss: 57.001
[21,   801]  training loss: 53.141
[21,  1001]  training loss: 48.314
[21,  1201]  training loss: 54.062
[21,  1401]  training loss: 51.483
[21,  1601]  training loss: 45.718
[21,  1801]  training loss: 49.296
[21,  2001]  training loss: 49.000
[21,  2201]  training loss: 49.263
[21,  2401]  training loss: 47.353
[21,  2601]  training loss: 50.238
[21,  2801]  training loss: 53.045
[21,  3001]  training loss: 47.435
[21,  3201]  training loss: 48.451
[21,     1]  validation loss: 41.225
[21,   201]  validation loss: 43.176
[21,   401]  validation loss: 43.209
[21,   601]  validation loss: 44.427
[21,   801]  validation loss: 44.279
[22,     1]  training loss: 46.412
[22,   201]  training loss: 51.737
[22,   401]  training loss: 48.147
[22,   601]  training loss: 51.046
[22,   801]  training loss: 53.276
[22,  1001]  training loss: 55.533
[22,  1201]  training loss: 48.018
[22,  1401]  training loss: 49.675
[22,  1601]  training loss: 54.805
[22,  1801]  training loss: 45.945
[22,  2001]  training loss: 47.802
[22,  2201]  training loss: 49.627
[22,  2401]  training loss: 47.548
[22,  2601]  training loss: 46.890
[22,  2801]  training loss: 50.552
[22,  3001]  training loss: 48.459
[22,  3201]  training loss: 52.545
[22,     1]  validation loss: 43.244
[22,   201]  validation loss: 42.520
[22,   401]  validation loss: 42.394
[22,   601]  validation loss: 38.827
[22,   801]  validation loss: 44.505
[23,     1]  training loss: 48.912
[23,   201]  training loss: 51.720
[23,   401]  training loss: 45.867
[23,   601]  training loss: 45.168
[23,   801]  training loss: 48.290
[23,  1001]  training loss: 48.624
[23,  1201]  training loss: 54.533
[23,  1401]  training loss: 51.375
[23,  1601]  training loss: 48.797
[23,  1801]  training loss: 50.932
[23,  2001]  training loss: 42.482
[23,  2201]  training loss: 47.386
[23,  2401]  training loss: 47.507
[23,  2601]  training loss: 49.275
[23,  2801]  training loss: 46.044
[23,  3001]  training loss: 50.610
[23,  3201]  training loss: 51.027
[23,     1]  validation loss: 47.600
[23,   201]  validation loss: 44.309
[23,   401]  validation loss: 42.780
[23,   601]  validation loss: 42.329
[23,   801]  validation loss: 43.074
[24,     1]  training loss: 47.730
[24,   201]  training loss: 50.983
[24,   401]  training loss: 51.157
[24,   601]  training loss: 50.733
[24,   801]  training loss: 48.527
[24,  1001]  training loss: 51.405
[24,  1201]  training loss: 49.985
[24,  1401]  training loss: 52.385
[24,  1601]  training loss: 50.579
[24,  1801]  training loss: 53.140
[24,  2001]  training loss: 50.263
[24,  2201]  training loss: 49.416
[24,  2401]  training loss: 48.541
[24,  2601]  training loss: 49.959
[24,  2801]  training loss: 48.203
[24,  3001]  training loss: 47.593
[24,  3201]  training loss: 48.167
[24,     1]  validation loss: 43.733
[24,   201]  validation loss: 45.094
[24,   401]  validation loss: 45.821
[24,   601]  validation loss: 42.661
[24,   801]  validation loss: 40.210
[25,     1]  training loss: 51.963
[25,   201]  training loss: 47.667
[25,   401]  training loss: 49.626
[25,   601]  training loss: 49.938
[25,   801]  training loss: 48.798
[25,  1001]  training loss: 52.060
[25,  1201]  training loss: 44.704
[25,  1401]  training loss: 46.218
[25,  1601]  training loss: 49.967
[25,  1801]  training loss: 52.713
[25,  2001]  training loss: 46.536
[25,  2201]  training loss: 45.377
[25,  2401]  training loss: 46.952
[25,  2601]  training loss: 49.031
[25,  2801]  training loss: 50.309
[25,  3001]  training loss: 49.807
[25,  3201]  training loss: 53.819
[25,     1]  validation loss: 43.096
[25,   201]  validation loss: 43.451
[25,   401]  validation loss: 42.674
[25,   601]  validation loss: 47.379
[25,   801]  validation loss: 41.482
[26,     1]  training loss: 48.920
[26,   201]  training loss: 53.992
[26,   401]  training loss: 43.619
[26,   601]  training loss: 49.329
[26,   801]  training loss: 49.191
[26,  1001]  training loss: 47.137
[26,  1201]  training loss: 50.501
[26,  1401]  training loss: 48.179
[26,  1601]  training loss: 46.551
[26,  1801]  training loss: 44.813
[26,  2001]  training loss: 46.351
[26,  2201]  training loss: 47.218
[26,  2401]  training loss: 48.004
[26,  2601]  training loss: 47.566
[26,  2801]  training loss: 45.344
[26,  3001]  training loss: 48.595
[26,  3201]  training loss: 47.889
[26,     1]  validation loss: 41.359
[26,   201]  validation loss: 44.954
[26,   401]  validation loss: 43.744
[26,   601]  validation loss: 44.823
[26,   801]  validation loss: 40.492
[27,     1]  training loss: 47.428
[27,   201]  training loss: 51.751
[27,   401]  training loss: 51.363
[27,   601]  training loss: 45.503
[27,   801]  training loss: 49.468
[27,  1001]  training loss: 51.577
[27,  1201]  training loss: 50.677
[27,  1401]  training loss: 44.660
[27,  1601]  training loss: 50.323
[27,  1801]  training loss: 49.401
[27,  2001]  training loss: 47.558
[27,  2201]  training loss: 50.637
[27,  2401]  training loss: 48.156
[27,  2601]  training loss: 46.969
[27,  2801]  training loss: 47.481
[27,  3001]  training loss: 46.890
[27,  3201]  training loss: 49.610
[27,     1]  validation loss: 43.850
[27,   201]  validation loss: 44.170
[27,   401]  validation loss: 44.941
[27,   601]  validation loss: 43.125
[27,   801]  validation loss: 44.032
[28,     1]  training loss: 50.647
[28,   201]  training loss: 46.081
[28,   401]  training loss: 50.478
[28,   601]  training loss: 48.245
[28,   801]  training loss: 47.771
[28,  1001]  training loss: 49.279
[28,  1201]  training loss: 50.319
[28,  1401]  training loss: 44.362
[28,  1601]  training loss: 50.757
[28,  1801]  training loss: 48.870
[28,  2001]  training loss: 50.271
[28,  2201]  training loss: 48.877
[28,  2401]  training loss: 50.380
[28,  2601]  training loss: 45.340
[28,  2801]  training loss: 50.329
[28,  3001]  training loss: 52.342
[28,  3201]  training loss: 47.714
[28,     1]  validation loss: 40.976
[28,   201]  validation loss: 41.565
[28,   401]  validation loss: 43.784
[28,   601]  validation loss: 40.731
[28,   801]  validation loss: 45.259
[29,     1]  training loss: 47.258
[29,   201]  training loss: 53.805
[29,   401]  training loss: 47.432
[29,   601]  training loss: 46.448
[29,   801]  training loss: 48.923
[29,  1001]  training loss: 49.032
[29,  1201]  training loss: 50.866
[29,  1401]  training loss: 52.361
[29,  1601]  training loss: 47.057
[29,  1801]  training loss: 51.146
[29,  2001]  training loss: 49.077
[29,  2201]  training loss: 52.677
[29,  2401]  training loss: 48.668
[29,  2601]  training loss: 52.093
[29,  2801]  training loss: 48.631
[29,  3001]  training loss: 47.595
[29,  3201]  training loss: 46.485
[29,     1]  validation loss: 45.400
[29,   201]  validation loss: 45.104
[29,   401]  validation loss: 44.514
[29,   601]  validation loss: 46.458
[29,   801]  validation loss: 41.685
[30,     1]  training loss: 47.382
[30,   201]  training loss: 49.052
[30,   401]  training loss: 46.499
[30,   601]  training loss: 47.049
[30,   801]  training loss: 53.444
[30,  1001]  training loss: 48.106
[30,  1201]  training loss: 48.575
[30,  1401]  training loss: 45.761
[30,  1601]  training loss: 53.958
[30,  1801]  training loss: 50.526
[30,  2001]  training loss: 45.656
[30,  2201]  training loss: 49.253
[30,  2401]  training loss: 47.453
[30,  2601]  training loss: 47.955
[30,  2801]  training loss: 47.479
[30,  3001]  training loss: 47.342
[30,  3201]  training loss: 49.016
[30,     1]  validation loss: 44.829
[30,   201]  validation loss: 42.213
[30,   401]  validation loss: 45.144
[30,   601]  validation loss: 42.725
[30,   801]  validation loss: 41.458
[31,     1]  training loss: 57.272
[31,   201]  training loss: 48.260
[31,   401]  training loss: 46.052
[31,   601]  training loss: 47.360
[31,   801]  training loss: 50.287
[31,  1001]  training loss: 44.174
[31,  1201]  training loss: 47.503
[31,  1401]  training loss: 48.855
[31,  1601]  training loss: 46.899
[31,  1801]  training loss: 47.481
[31,  2001]  training loss: 54.101
[31,  2201]  training loss: 46.768
[31,  2401]  training loss: 52.798
[31,  2601]  training loss: 52.852
[31,  2801]  training loss: 48.003
[31,  3001]  training loss: 51.858
[31,  3201]  training loss: 50.691
[31,     1]  validation loss: 39.956
[31,   201]  validation loss: 42.458
[31,   401]  validation loss: 42.110
[31,   601]  validation loss: 41.121
[31,   801]  validation loss: 41.106
[32,     1]  training loss: 52.444
[32,   201]  training loss: 54.992
[32,   401]  training loss: 50.729
[32,   601]  training loss: 48.922
[32,   801]  training loss: 50.575
[32,  1001]  training loss: 49.130
[32,  1201]  training loss: 47.256
[32,  1401]  training loss: 50.511
[32,  1601]  training loss: 49.008
[32,  1801]  training loss: 51.684
[32,  2001]  training loss: 50.235
[32,  2201]  training loss: 47.663
[32,  2401]  training loss: 46.408
[32,  2601]  training loss: 48.085
[32,  2801]  training loss: 47.907
[32,  3001]  training loss: 47.521
[32,  3201]  training loss: 48.138
[32,     1]  validation loss: 42.203
[32,   201]  validation loss: 43.034
[32,   401]  validation loss: 42.037
[32,   601]  validation loss: 40.550
[32,   801]  validation loss: 41.025
[33,     1]  training loss: 46.620
[33,   201]  training loss: 47.067
[33,   401]  training loss: 47.574
[33,   601]  training loss: 50.504
[33,   801]  training loss: 48.308
[33,  1001]  training loss: 47.841
[33,  1201]  training loss: 49.518
[33,  1401]  training loss: 47.544
[33,  1601]  training loss: 45.693
[33,  1801]  training loss: 52.470
[33,  2001]  training loss: 47.228
[33,  2201]  training loss: 50.359
[33,  2401]  training loss: 51.062
[33,  2601]  training loss: 48.403
[33,  2801]  training loss: 46.749
[33,  3001]  training loss: 52.475
[33,  3201]  training loss: 50.838
[33,     1]  validation loss: 41.442
[33,   201]  validation loss: 44.655
[33,   401]  validation loss: 42.264
[33,   601]  validation loss: 45.037
[33,   801]  validation loss: 40.538
[34,     1]  training loss: 47.371
[34,   201]  training loss: 50.906
[34,   401]  training loss: 52.337
[34,   601]  training loss: 49.868
[34,   801]  training loss: 46.503
[34,  1001]  training loss: 51.130
[34,  1201]  training loss: 46.435
[34,  1401]  training loss: 49.273
[34,  1601]  training loss: 49.482
[34,  1801]  training loss: 50.260
[34,  2001]  training loss: 46.977
[34,  2201]  training loss: 45.192
[34,  2401]  training loss: 51.049
[34,  2601]  training loss: 47.875
[34,  2801]  training loss: 49.254
[34,  3001]  training loss: 51.658
[34,  3201]  training loss: 46.659
[34,     1]  validation loss: 41.958
[34,   201]  validation loss: 37.467
[34,   401]  validation loss: 45.746
[34,   601]  validation loss: 40.245
[34,   801]  validation loss: 40.605
[35,     1]  training loss: 48.196
[35,   201]  training loss: 50.618
[35,   401]  training loss: 47.227
[35,   601]  training loss: 48.891
[35,   801]  training loss: 48.223
[35,  1001]  training loss: 49.476
[35,  1201]  training loss: 47.087
[35,  1401]  training loss: 48.436
[35,  1601]  training loss: 50.458
[35,  1801]  training loss: 47.950
[35,  2001]  training loss: 49.998
[35,  2201]  training loss: 44.301
[35,  2401]  training loss: 48.326
[35,  2601]  training loss: 53.649
[35,  2801]  training loss: 48.616
[35,  3001]  training loss: 44.851
[35,  3201]  training loss: 48.232
[35,     1]  validation loss: 41.988
[35,   201]  validation loss: 41.201
[35,   401]  validation loss: 44.111
[35,   601]  validation loss: 39.570
[35,   801]  validation loss: 45.746
[36,     1]  training loss: 51.350
[36,   201]  training loss: 45.619
[36,   401]  training loss: 49.779
[36,   601]  training loss: 46.003
[36,   801]  training loss: 46.552
[36,  1001]  training loss: 48.780
[36,  1201]  training loss: 50.802
[36,  1401]  training loss: 48.334
[36,  1601]  training loss: 49.960
[36,  1801]  training loss: 50.978
[36,  2001]  training loss: 48.856
[36,  2201]  training loss: 49.654
[36,  2401]  training loss: 51.582
[36,  2601]  training loss: 51.190
[36,  2801]  training loss: 48.978
[36,  3001]  training loss: 50.358
[36,  3201]  training loss: 48.080
[36,     1]  validation loss: 46.512
[36,   201]  validation loss: 42.831
[36,   401]  validation loss: 42.191
[36,   601]  validation loss: 42.858
[36,   801]  validation loss: 41.047
[37,     1]  training loss: 51.429
[37,   201]  training loss: 46.357
[37,   401]  training loss: 47.927
[37,   601]  training loss: 45.467
[37,   801]  training loss: 45.438
[37,  1001]  training loss: 47.431
[37,  1201]  training loss: 47.293
[37,  1401]  training loss: 44.674
[37,  1601]  training loss: 47.166
[37,  1801]  training loss: 48.034
[37,  2001]  training loss: 45.546
[37,  2201]  training loss: 45.025
[37,  2401]  training loss: 49.215
[37,  2601]  training loss: 46.836
[37,  2801]  training loss: 44.607
[37,  3001]  training loss: 50.984
[37,  3201]  training loss: 49.717
[37,     1]  validation loss: 43.538
[37,   201]  validation loss: 43.531
[37,   401]  validation loss: 44.536
[37,   601]  validation loss: 41.640
[37,   801]  validation loss: 40.624
[38,     1]  training loss: 50.367
[38,   201]  training loss: 48.848
[38,   401]  training loss: 45.951
[38,   601]  training loss: 49.710
[38,   801]  training loss: 47.291
[38,  1001]  training loss: 45.893
[38,  1201]  training loss: 50.259
[38,  1401]  training loss: 51.616
[38,  1601]  training loss: 46.380
[38,  1801]  training loss: 48.615
[38,  2001]  training loss: 46.989
[38,  2201]  training loss: 51.034
[38,  2401]  training loss: 50.459
[38,  2601]  training loss: 54.171
[38,  2801]  training loss: 48.375
[38,  3001]  training loss: 47.603
[38,  3201]  training loss: 51.522
[38,     1]  validation loss: 40.464
[38,   201]  validation loss: 46.895
[38,   401]  validation loss: 39.580
[38,   601]  validation loss: 42.333
[38,   801]  validation loss: 39.651
[39,     1]  training loss: 49.493
[39,   201]  training loss: 47.124
[39,   401]  training loss: 46.307
[39,   601]  training loss: 49.021
[39,   801]  training loss: 47.498
[39,  1001]  training loss: 50.311
[39,  1201]  training loss: 50.015
[39,  1401]  training loss: 46.906
[39,  1601]  training loss: 49.550
[39,  1801]  training loss: 48.263
[39,  2001]  training loss: 50.286
[39,  2201]  training loss: 47.249
[39,  2401]  training loss: 51.057
[39,  2601]  training loss: 49.863
[39,  2801]  training loss: 49.613
[39,  3001]  training loss: 51.214
[39,  3201]  training loss: 51.013
[39,     1]  validation loss: 44.509
[39,   201]  validation loss: 45.088
[39,   401]  validation loss: 44.269
[39,   601]  validation loss: 40.713
[39,   801]  validation loss: 38.907
[40,     1]  training loss: 48.688
[40,   201]  training loss: 46.534
[40,   401]  training loss: 48.105
[40,   601]  training loss: 51.155
[40,   801]  training loss: 50.274
[40,  1001]  training loss: 47.922
[40,  1201]  training loss: 46.943
[40,  1401]  training loss: 46.860
[40,  1601]  training loss: 48.641
[40,  1801]  training loss: 52.919
[40,  2001]  training loss: 47.905
[40,  2201]  training loss: 48.833
[40,  2401]  training loss: 47.054
[40,  2601]  training loss: 49.341
[40,  2801]  training loss: 46.015
[40,  3001]  training loss: 45.998
[40,  3201]  training loss: 43.876
[40,     1]  validation loss: 44.735
[40,   201]  validation loss: 41.403
[40,   401]  validation loss: 40.540
[40,   601]  validation loss: 39.237
[40,   801]  validation loss: 45.950
[41,     1]  training loss: 49.241
[41,   201]  training loss: 48.011
[41,   401]  training loss: 47.306
[41,   601]  training loss: 48.623
[41,   801]  training loss: 50.467
[41,  1001]  training loss: 49.917
[41,  1201]  training loss: 46.699
[41,  1401]  training loss: 53.742
[41,  1601]  training loss: 51.607
[41,  1801]  training loss: 50.557
[41,  2001]  training loss: 51.173
[41,  2201]  training loss: 53.327
[41,  2401]  training loss: 49.527
[41,  2601]  training loss: 44.841
[41,  2801]  training loss: 47.048
[41,  3001]  training loss: 48.954
[41,  3201]  training loss: 45.819
[41,     1]  validation loss: 41.988
[41,   201]  validation loss: 44.063
[41,   401]  validation loss: 40.617
[41,   601]  validation loss: 40.790
[41,   801]  validation loss: 43.162
[42,     1]  training loss: 51.757
[42,   201]  training loss: 49.441
[42,   401]  training loss: 45.120
[42,   601]  training loss: 43.526
[42,   801]  training loss: 46.230
[42,  1001]  training loss: 49.299
[42,  1201]  training loss: 49.042
[42,  1401]  training loss: 52.577
[42,  1601]  training loss: 50.274
[42,  1801]  training loss: 47.448
[42,  2001]  training loss: 51.846
[42,  2201]  training loss: 46.550
[42,  2401]  training loss: 45.728
[42,  2601]  training loss: 46.439
[42,  2801]  training loss: 49.615
[42,  3001]  training loss: 48.037
[42,  3201]  training loss: 45.130
[42,     1]  validation loss: 40.854
[42,   201]  validation loss: 41.598
[42,   401]  validation loss: 43.937
[42,   601]  validation loss: 45.397
[42,   801]  validation loss: 43.504
[43,     1]  training loss: 48.771
[43,   201]  training loss: 48.080
[43,   401]  training loss: 51.372
[43,   601]  training loss: 45.259
[43,   801]  training loss: 51.118
[43,  1001]  training loss: 47.369
[43,  1201]  training loss: 49.191
[43,  1401]  training loss: 49.800
[43,  1601]  training loss: 48.891
[43,  1801]  training loss: 49.615
[43,  2001]  training loss: 50.541
[43,  2201]  training loss: 49.496
[43,  2401]  training loss: 48.591
[43,  2601]  training loss: 49.533
[43,  2801]  training loss: 46.107
[43,  3001]  training loss: 50.106
[43,  3201]  training loss: 45.216
[43,     1]  validation loss: 43.386
[43,   201]  validation loss: 42.037
[43,   401]  validation loss: 43.679
[43,   601]  validation loss: 39.974
[43,   801]  validation loss: 44.162
[44,     1]  training loss: 48.307
[44,   201]  training loss: 47.052
[44,   401]  training loss: 51.442
[44,   601]  training loss: 52.473
[44,   801]  training loss: 47.647
[44,  1001]  training loss: 49.107
[44,  1201]  training loss: 52.395
[44,  1401]  training loss: 47.937
[44,  1601]  training loss: 41.931
[44,  1801]  training loss: 49.501
[44,  2001]  training loss: 48.822
[44,  2201]  training loss: 51.028
[44,  2401]  training loss: 45.887
[44,  2601]  training loss: 50.824
[44,  2801]  training loss: 49.476
[44,  3001]  training loss: 49.284
[44,  3201]  training loss: 54.314
[44,     1]  validation loss: 39.523
[44,   201]  validation loss: 43.858
[44,   401]  validation loss: 42.427
[44,   601]  validation loss: 38.497
[44,   801]  validation loss: 44.754
[45,     1]  training loss: 49.128
[45,   201]  training loss: 48.669
[45,   401]  training loss: 54.236
[45,   601]  training loss: 45.379
[45,   801]  training loss: 50.000
[45,  1001]  training loss: 45.363
[45,  1201]  training loss: 47.695
[45,  1401]  training loss: 48.798
[45,  1601]  training loss: 48.897
[45,  1801]  training loss: 47.355
[45,  2001]  training loss: 49.262
[45,  2201]  training loss: 48.449
[45,  2401]  training loss: 48.081
[45,  2601]  training loss: 48.853
[45,  2801]  training loss: 50.342
[45,  3001]  training loss: 53.862
[45,  3201]  training loss: 49.816
[45,     1]  validation loss: 41.212
[45,   201]  validation loss: 42.781
[45,   401]  validation loss: 40.334
[45,   601]  validation loss: 43.128
[45,   801]  validation loss: 41.860
[46,     1]  training loss: 45.667
[46,   201]  training loss: 52.399
[46,   401]  training loss: 46.152
[46,   601]  training loss: 46.856
[46,   801]  training loss: 52.113
[46,  1001]  training loss: 51.085
[46,  1201]  training loss: 49.062
[46,  1401]  training loss: 51.549
[46,  1601]  training loss: 46.768
[46,  1801]  training loss: 50.288
[46,  2001]  training loss: 52.866
[46,  2201]  training loss: 52.233
[46,  2401]  training loss: 47.907
[46,  2601]  training loss: 49.237
[46,  2801]  training loss: 47.639
[46,  3001]  training loss: 48.454
[46,  3201]  training loss: 49.506
[46,     1]  validation loss: 43.184
[46,   201]  validation loss: 44.422
[46,   401]  validation loss: 46.647
[46,   601]  validation loss: 38.977
[46,   801]  validation loss: 42.504
[47,     1]  training loss: 49.694
[47,   201]  training loss: 48.931
[47,   401]  training loss: 49.524
[47,   601]  training loss: 44.617
[47,   801]  training loss: 43.881
[47,  1001]  training loss: 47.907
[47,  1201]  training loss: 53.637
[47,  1401]  training loss: 51.803
[47,  1601]  training loss: 48.852
[47,  1801]  training loss: 44.964
[47,  2001]  training loss: 47.681
[47,  2201]  training loss: 47.531
[47,  2401]  training loss: 49.050
[47,  2601]  training loss: 49.982
[47,  2801]  training loss: 47.516
[47,  3001]  training loss: 53.499
[47,  3201]  training loss: 44.310
[47,     1]  validation loss: 38.749
[47,   201]  validation loss: 43.574
[47,   401]  validation loss: 48.642
[47,   601]  validation loss: 41.950
[47,   801]  validation loss: 41.550
[48,     1]  training loss: 51.793
[48,   201]  training loss: 49.440
[48,   401]  training loss: 49.385
[48,   601]  training loss: 46.439
[48,   801]  training loss: 47.967
[48,  1001]  training loss: 46.267
[48,  1201]  training loss: 44.657
[48,  1401]  training loss: 44.873
[48,  1601]  training loss: 50.090
[48,  1801]  training loss: 47.232
[48,  2001]  training loss: 50.870
[48,  2201]  training loss: 47.803
[48,  2401]  training loss: 51.369
[48,  2601]  training loss: 50.160
[48,  2801]  training loss: 46.646
[48,  3001]  training loss: 49.626
[48,  3201]  training loss: 47.083
[48,     1]  validation loss: 42.960
[48,   201]  validation loss: 40.325
[48,   401]  validation loss: 41.808
[48,   601]  validation loss: 45.593
[48,   801]  validation loss: 45.053
[49,     1]  training loss: 47.632
[49,   201]  training loss: 50.314
[49,   401]  training loss: 46.438
[49,   601]  training loss: 51.042
[49,   801]  training loss: 47.630
[49,  1001]  training loss: 50.842
[49,  1201]  training loss: 50.809
[49,  1401]  training loss: 48.302
[49,  1601]  training loss: 53.731
[49,  1801]  training loss: 49.618
[49,  2001]  training loss: 47.010
[49,  2201]  training loss: 45.908
[49,  2401]  training loss: 49.188
[49,  2601]  training loss: 49.783
[49,  2801]  training loss: 47.293
[49,  3001]  training loss: 51.123
[49,  3201]  training loss: 51.486
[49,     1]  validation loss: 41.178
[49,   201]  validation loss: 41.074
[49,   401]  validation loss: 44.717
[49,   601]  validation loss: 40.694
[49,   801]  validation loss: 44.816
[50,     1]  training loss: 49.183
[50,   201]  training loss: 49.139
[50,   401]  training loss: 49.754
[50,   601]  training loss: 45.945
[50,   801]  training loss: 50.238
[50,  1001]  training loss: 48.170
[50,  1201]  training loss: 45.969
[50,  1401]  training loss: 44.743
[50,  1601]  training loss: 46.391
[50,  1801]  training loss: 49.512
[50,  2001]  training loss: 50.304
[50,  2201]  training loss: 47.155
[50,  2401]  training loss: 48.111
[50,  2601]  training loss: 46.415
[50,  2801]  training loss: 47.106
[50,  3001]  training loss: 48.710
[50,  3201]  training loss: 47.304
[50,     1]  validation loss: 47.542
[50,   201]  validation loss: 42.387
[50,   401]  validation loss: 43.901
[50,   601]  validation loss: 46.531
[50,   801]  validation loss: 39.633
----saving model-----
Model saved in .\\checkpoints\\CKPT_3D_AMASS\custom_amass_3d_input_n_10_output_n_25_skip_rate_5_joints_to_consider_18_frames_ckpt